Removed Pin From Net: NetName=11V1 Pin=C27-2
Removed Pin From Net: NetName=11V1 Pin=C28-2
Removed Pin From Net: NetName=11V1 Pin=C29-1
Removed Pin From Net: NetName=11V1 Pin=C33-2
Removed Pin From Net: NetName=11V1 Pin=C34-2
Removed Pin From Net: NetName=11V1 Pin=C35-1
Removed Pin From Net: NetName=11V1 Pin=C36-2
Removed Pin From Net: NetName=11V1 Pin=C37-2
Removed Pin From Net: NetName=11V1 Pin=C38-1
Removed Pin From Net: NetName=11V1 Pin=D2-1
Removed Pin From Net: NetName=11V1 Pin=D4-1
Removed Pin From Net: NetName=11V1 Pin=D5-1
Removed Pin From Net: NetName=11V1 Pin=F2-2
Removed Pin From Net: NetName=11V1 Pin=F2-2
Removed Pin From Net: NetName=11V1 Pin=F4-2
Removed Pin From Net: NetName=11V1 Pin=F4-2
Removed Pin From Net: NetName=11V1 Pin=F5-2
Removed Pin From Net: NetName=11V1 Pin=F5-2
Removed Pin From Net: NetName=11V1 Pin=J6-1_1
Removed Pin From Net: NetName=11V1 Pin=J6-1_2
Removed Pin From Net: NetName=11V1 Pin=J7-1_1
Removed Pin From Net: NetName=11V1 Pin=J7-1_2
Removed Pin From Net: NetName=11V1 Pin=J7-3_1
Removed Pin From Net: NetName=11V1 Pin=J7-3_2
Change Net Name : Old Net Name=11V1 New Net Name=11V1_F3
Added Pin To Net: NetName=11V1_F2 Pin=C27-2
Added Pin To Net: NetName=11V1_F2 Pin=C28-2
Added Pin To Net: NetName=11V1_F2 Pin=C29-1
Added Pin To Net: NetName=11V1_F2 Pin=D2-1
Added Pin To Net: NetName=11V1_F2 Pin=F2-2
Added Pin To Net: NetName=11V1_F2 Pin=F2-2
Added Pin To Net: NetName=11V1_F2 Pin=J6-1_1
Added Pin To Net: NetName=11V1_F2 Pin=J6-1_2
Added Net: Name=11V1_F2
Added Pin To Net: NetName=11V1_F4 Pin=C33-2
Added Pin To Net: NetName=11V1_F4 Pin=C34-2
Added Pin To Net: NetName=11V1_F4 Pin=C35-1
Added Pin To Net: NetName=11V1_F4 Pin=D4-1
Added Pin To Net: NetName=11V1_F4 Pin=F4-2
Added Pin To Net: NetName=11V1_F4 Pin=F4-2
Added Pin To Net: NetName=11V1_F4 Pin=J7-1_1
Added Pin To Net: NetName=11V1_F4 Pin=J7-1_2
Added Net: Name=11V1_F4
Added Pin To Net: NetName=11V1_F5 Pin=C36-2
Added Pin To Net: NetName=11V1_F5 Pin=C37-2
Added Pin To Net: NetName=11V1_F5 Pin=C38-1
Added Pin To Net: NetName=11V1_F5 Pin=D5-1
Added Pin To Net: NetName=11V1_F5 Pin=F5-2
Added Pin To Net: NetName=11V1_F5 Pin=F5-2
Added Pin To Net: NetName=11V1_F5 Pin=J7-3_1
Added Pin To Net: NetName=11V1_F5 Pin=J7-3_2
Added Net: Name=11V1_F5
