Removed Pin From Net: NetName=11V1 Pin=C20-1
Removed Pin From Net: NetName=11V1 Pin=C21-1
Removed Pin From Net: NetName=11V1 Pin=C39-1
Removed Pin From Net: NetName=19V Pin=F1-2
Removed Pin From Net: NetName=19V Pin=F1-2
Removed Pin From Net: NetName=11V1 Pin=F2-1
Removed Pin From Net: NetName=11V1 Pin=F2-1
Removed Pin From Net: NetName=11V1 Pin=F3-1
Removed Pin From Net: NetName=11V1 Pin=F3-1
Removed Pin From Net: NetName=11V1 Pin=F4-1
Removed Pin From Net: NetName=11V1 Pin=F4-1
Removed Pin From Net: NetName=11V1 Pin=F5-1
Removed Pin From Net: NetName=11V1 Pin=F5-1
Removed Pin From Net: NetName=11V1 Pin=J5-P
Removed Pin From Net: NetName=19V Pin=J8-2
Removed Pin From Net: NetName=11V1 Pin=L1-1
Removed Pin From Net: NetName=11V1 Pin=U15-3
Removed Pin From Net: NetName=11V1 Pin=U15-4
Change Net Name : Old Net Name=19V New Net Name=NetC24_1
Added Pin To Net: NetName=11V1+ Pin=C20-1
Added Pin To Net: NetName=11V1+ Pin=C21-1
Added Pin To Net: NetName=11V1+ Pin=C39-1
Added Pin To Net: NetName=11V1+ Pin=F2-1
Added Pin To Net: NetName=11V1+ Pin=F2-1
Added Pin To Net: NetName=11V1+ Pin=F3-1
Added Pin To Net: NetName=11V1+ Pin=F3-1
Added Pin To Net: NetName=11V1+ Pin=F4-1
Added Pin To Net: NetName=11V1+ Pin=F4-1
Added Pin To Net: NetName=11V1+ Pin=F5-1
Added Pin To Net: NetName=11V1+ Pin=F5-1
Added Pin To Net: NetName=11V1+ Pin=J5-P
Added Pin To Net: NetName=11V1+ Pin=L1-1
Added Pin To Net: NetName=11V1+ Pin=U15-3
Added Pin To Net: NetName=11V1+ Pin=U15-4
Added Net: Name=11V1+
Added Pin To Net: NetName=19V Pin=F1-2
Added Pin To Net: NetName=19V Pin=F1-2
Added Pin To Net: NetName=19V Pin=J8-2
Added Net: Name=19V
