Removed Pin From Net: NetName=3V3 Pin=R4-2
Removed Pin From Net: NetName=3V3 Pin=R5-2
Removed Pin From Net: NetName=NetR1_2 Pin=U1-3
Removed Pin From Net: NetName=SCL Pin=U1-5
Removed Pin From Net: NetName=GND Pin=U1-40
Removed Pin From Net: NetName=3V3 Pin=U3-1
Removed Pin From Net: NetName=3V3 Pin=U3-13
Removed Pin From Net: NetName=3V3 Pin=U3-14
Added Pin To Net: NetName=SCL Pin=R4-2
Add Pin To Net: Unknown Pin: Pin U1-0
Add Pin To Net: Unknown Pin: Pin U1-3V3
Add Pin To Net: Unknown Pin: Pin U1-41_0
Add Pin To Net: Unknown Pin: Pin U1-GND
Add Pin To Net: Unknown Pin: Pin U1-RESET
Added Pin To Net: NetName=GND Pin=U3-1
Added Pin To Net: NetName=SCL Pin=U3-13
Added Pin To Net: NetName=SDA Pin=R5-2
Added Pin To Net: NetName=SDA Pin=U1-5
Added Pin To Net: NetName=SDA Pin=U3-14
Added Net: Name=SDA
