Removed Pin From Net: NetName=11V1 Pin=C20-1
Removed Pin From Net: NetName=11V1 Pin=C21-1
Removed Pin From Net: NetName=11V1 Pin=C39-1
Removed Pin From Net: NetName=11V1 Pin=L1-1
Removed Pin From Net: NetName=11V1 Pin=U15-3
Removed Pin From Net: NetName=11V1 Pin=U15-4
Added Pin To Net: NetName=NetC33_2 Pin=C20-1
Added Pin To Net: NetName=NetC33_2 Pin=C21-1
Added Pin To Net: NetName=NetC33_2 Pin=C27-2
Added Pin To Net: NetName=NetC33_2 Pin=C28-2
Added Pin To Net: NetName=NetC33_2 Pin=C29-1
Added Pin To Net: NetName=NetC33_2 Pin=C30-2
Added Pin To Net: NetName=NetC33_2 Pin=C31-2
Added Pin To Net: NetName=NetC33_2 Pin=C32-1
Added Pin To Net: NetName=NetC33_2 Pin=C36-2
Added Pin To Net: NetName=NetC33_2 Pin=C37-2
Added Pin To Net: NetName=NetC33_2 Pin=C38-1
Added Pin To Net: NetName=NetC33_2 Pin=C39-1
Added Pin To Net: NetName=NetC33_2 Pin=D2-1
Added Pin To Net: NetName=NetC33_2 Pin=D3-1
Added Pin To Net: NetName=NetC33_2 Pin=D5-1
Added Pin To Net: NetName=NetC33_2 Pin=F2-2
Added Pin To Net: NetName=NetC33_2 Pin=F2-2
Added Pin To Net: NetName=NetC33_2 Pin=F3-2
Added Pin To Net: NetName=NetC33_2 Pin=F3-2
Added Pin To Net: NetName=NetC33_2 Pin=F5-2
Added Pin To Net: NetName=NetC33_2 Pin=F5-2
Added Pin To Net: NetName=NetC33_2 Pin=J6-1_1
Added Pin To Net: NetName=NetC33_2 Pin=J6-1_2
Added Pin To Net: NetName=NetC33_2 Pin=J6-3_1
Added Pin To Net: NetName=NetC33_2 Pin=J6-3_2
Added Pin To Net: NetName=NetC33_2 Pin=J7-3_1
Added Pin To Net: NetName=NetC33_2 Pin=J7-3_2
Added Pin To Net: NetName=NetC33_2 Pin=L1-1
Added Pin To Net: NetName=NetC33_2 Pin=U15-3
Added Pin To Net: NetName=NetC33_2 Pin=U15-4
Change Net Name : Old Net Name=11V1 New Net Name=11V1+
Change Net Name : Old Net Name=NetC33_2 New Net Name=11V1
