Removed Pin From Net: NetName=+5 Pin=J9-1
Removed Pin From Net: NetName=GPIO34 Pin=J9-2
Removed Pin From Net: NetName=+5 Pin=J10-1
Removed Pin From Net: NetName=GPIO35 Pin=J10-2
Change Component Footprint: Designator=J9 Old Footprint=FP-B2B-XH-A_LF_SN-MFG New Footprint=HARWIN_M20-9990246
Change Component Footprint: Designator=J10 Old Footprint=FP-B2B-XH-A_LF_SN-MFG New Footprint=HARWIN_M20-9990246
Change Component Comment : Designator=J9 Old Comment=B2B-XH-A(LF)(SN) New Comment=M20-9990246
Change Component Comment : Designator=J10 Old Comment=B2B-XH-A(LF)(SN) New Comment=M20-9990246
Change Managed Component Library Link : Designator=J9 Old VaultGUID=B7D15EC3-160A-466F-A46C-7801FE6295A7 New VaultGUID=70284925-3BE7-4A25-A5D1-70C7BC6AC508 Old ItemGUID=13A198B7-2160-45D9-BA10-5BBC61E7EA9A New ItemGUID=B71669F8-B0D0-465C-80D2-A9A2E6547150 Old RevisionGUID=5C98CD09-B4EE-476D-9D67-677D59556FE5 New RevisionGUID=D84D7A3D-AD96-45AA-9E8F-EA0672448F0C
Change Managed Component Library Link : Designator=J10 Old VaultGUID=B7D15EC3-160A-466F-A46C-7801FE6295A7 New VaultGUID=70284925-3BE7-4A25-A5D1-70C7BC6AC508 Old ItemGUID=13A198B7-2160-45D9-BA10-5BBC61E7EA9A New ItemGUID=B71669F8-B0D0-465C-80D2-A9A2E6547150 Old RevisionGUID=5C98CD09-B4EE-476D-9D67-677D59556FE5 New RevisionGUID=D84D7A3D-AD96-45AA-9E8F-EA0672448F0C
Change component parameters: Designator = "J9" ("J9"); Footprint = "FP-B2B-XH-A_LF_SN-MFG"; UniqueID = "\BNBZOKST" ("\BNBZOKST")
Change component parameters (AddParameter): Name = "Case/Package"; Value = "None"; VariantName = "[No Variations]"
Change component parameters (AddParameter): Name = "Check_prices"; Value = "https://www.snapeda.com/parts/M20-9990246/Harwin/view-part/?ref=eda"; VariantName = "[No Variations]"
Change component parameters (AddParameter): Name = "Component Type"; Value = "Standard"; VariantName = "[No Variations]"
Change component parameters (AddParameter): Name = "Design Item ID"; Value = "M20-9990246"; VariantName = "[No Variations]"
Change component parameters (AddParameter): Name = "MF"; Value = "Harwin"; VariantName = "[No Variations]"
Change component parameters (AddParameter): Name = "MP"; Value = "M20-9990246"; VariantName = "[No Variations]"
Change component parameters (AddParameter): Name = "Pins"; Value = "2"; VariantName = "[No Variations]"
Change component parameters (AddParameter): Name = "SnapEDA_Link"; Value = "https://www.snapeda.com/parts/M20-9990246/Harwin/view-part/?ref=snap"; VariantName = "[No Variations]"
Change component parameters (AddParameter): Name = "Source"; Value = "M20-9990246.SchLib"; VariantName = "[No Variations]"
Change component parameters (AddParameter): Name = "Value"; Value = ""; VariantName = "[No Variations]"
Change component parameters: Designator = "J10" ("J10"); Footprint = "FP-B2B-XH-A_LF_SN-MFG"; UniqueID = "\UYDPAJIR" ("\UYDPAJIR")
Change component parameters (AddParameter): Name = "Case/Package"; Value = "None"; VariantName = "[No Variations]"
Change component parameters (AddParameter): Name = "Check_prices"; Value = "https://www.snapeda.com/parts/M20-9990246/Harwin/view-part/?ref=eda"; VariantName = "[No Variations]"
Change component parameters (AddParameter): Name = "Component Type"; Value = "Standard"; VariantName = "[No Variations]"
Change component parameters (AddParameter): Name = "Design Item ID"; Value = "M20-9990246"; VariantName = "[No Variations]"
Change component parameters (AddParameter): Name = "MF"; Value = "Harwin"; VariantName = "[No Variations]"
Change component parameters (AddParameter): Name = "MP"; Value = "M20-9990246"; VariantName = "[No Variations]"
Change component parameters (AddParameter): Name = "Pins"; Value = "2"; VariantName = "[No Variations]"
Change component parameters (AddParameter): Name = "SnapEDA_Link"; Value = "https://www.snapeda.com/parts/M20-9990246/Harwin/view-part/?ref=snap"; VariantName = "[No Variations]"
Change component parameters (AddParameter): Name = "Source"; Value = "M20-9990246.SchLib"; VariantName = "[No Variations]"
Change component parameters (AddParameter): Name = "Value"; Value = ""; VariantName = "[No Variations]"
Added Pin To Net: NetName=GPIO34 Pin=J9-1
Added Pin To Net: NetName=+5 Pin=J9-2
Added Pin To Net: NetName=GPIO35 Pin=J10-1
Added Pin To Net: NetName=+5 Pin=J10-2
