Change Component Footprint: Designator=J6 Old Footprint=PHOENIX_1017505 New Footprint=PHOENIX_1017505
Change Component Footprint: Designator=J7 Old Footprint=PHOENIX_1017505 New Footprint=PHOENIX_1017505
Change Component Footprint: Designator=U4 Old Footprint=S-PDSO-G8 New Footprint=FP-DCT0008A-IPC_C
Change Component Footprint: Designator=U5 Old Footprint=S-PDSO-G8 New Footprint=FP-DCT0008A-IPC_C
Change Component Comment : Designator=U4 Old Comment=SN74LVC2T45 New Comment=SN74LVC2T45DCTR
Change Component Comment : Designator=U5 Old Comment=SN74LVC2T45 New Comment=SN74LVC2T45DCTR
Change Managed Component Library Link : Designator=J6 Old VaultGUID=8CC26C2A-AA8C-450D-9735-EC3D46E4B692 New VaultGUID=8CC26C2A-AA8C-450D-9735-EC3D46E4B692 Old ItemGUID=5102BE4F-22A0-4D33-A0F7-9CD5A8476ECC New ItemGUID=5102BE4F-22A0-4D33-A0F7-9CD5A8476ECC Old RevisionGUID=BB854DA1-BB93-4DB6-A3FC-CE7097A5F155 New RevisionGUID=bf129b04-4180-44e4-96c7-76678fc80882
Change Managed Component Library Link : Designator=J7 Old VaultGUID=8CC26C2A-AA8C-450D-9735-EC3D46E4B692 New VaultGUID=8CC26C2A-AA8C-450D-9735-EC3D46E4B692 Old ItemGUID=5102BE4F-22A0-4D33-A0F7-9CD5A8476ECC New ItemGUID=5102BE4F-22A0-4D33-A0F7-9CD5A8476ECC Old RevisionGUID=BB854DA1-BB93-4DB6-A3FC-CE7097A5F155 New RevisionGUID=bf129b04-4180-44e4-96c7-76678fc80882
Change Managed Component Library Link : Designator=U4 Old VaultGUID=8CC26C2A-AA8C-450D-9735-EC3D46E4B692 New VaultGUID=8CC26C2A-AA8C-450D-9735-EC3D46E4B692 Old ItemGUID=118BD5EE-550B-480B-A65E-135595086EBA New ItemGUID=9c690c52-2094-448b-a1ed-4af9100a526a Old RevisionGUID=f61dd400-7b61-4c66-ae91-9b8148adc41d New RevisionGUID=3fc4d390-47a0-4697-87c6-292c4ff78aae
Change Managed Component Library Link : Designator=U5 Old VaultGUID=8CC26C2A-AA8C-450D-9735-EC3D46E4B692 New VaultGUID=8CC26C2A-AA8C-450D-9735-EC3D46E4B692 Old ItemGUID=118BD5EE-550B-480B-A65E-135595086EBA New ItemGUID=9c690c52-2094-448b-a1ed-4af9100a526a Old RevisionGUID=f61dd400-7b61-4c66-ae91-9b8148adc41d New RevisionGUID=3fc4d390-47a0-4697-87c6-292c4ff78aae
Change component parameters: Designator = "U4" ("U4"); Footprint = "S-PDSO-G8"; UniqueID = "\HHZLATLO" ("\HHZLATLO")
Change component parameters (AddParameter): Name = "Ambient Temperature Range High"; Value = "85°C"; VariantName = "[No Variations]"
Change component parameters (AddParameter): Name = "Case/Package"; Value = "SSOP"; VariantName = "[No Variations]"
Change component parameters (AddParameter): Name = "Contact Plating"; Value = "Gold"; VariantName = "[No Variations]"
Change component parameters (AddParameter): Name = "Data Rate"; Value = "420Mbps"; VariantName = "[No Variations]"
Change component parameters (AddParameter): Name = "Direction"; Value = "Bidirectional"; VariantName = "[No Variations]"
Change component parameters (AddParameter): Name = "Height"; Value = "1.3mm"; VariantName = "[No Variations]"
Change component parameters (AddParameter): Name = "High Level Output Current"; Value = "-32mA"; VariantName = "[No Variations]"
Change component parameters (AddParameter): Name = "Lead Free"; Value = "Lead Free"; VariantName = "[No Variations]"
Change component parameters (AddParameter): Name = "Length"; Value = "2.95mm"; VariantName = "[No Variations]"
Change component parameters (AddParameter): Name = "Lifecycle Status"; Value = "Production"; VariantName = "[No Variations]"
Change component parameters (AddParameter): Name = "Logic Function"; Value = "Transceiver, Translator"; VariantName = "[No Variations]"
Change component parameters (AddParameter): Name = "Low Level Output Current"; Value = "32mA"; VariantName = "[No Variations]"
Change component parameters (AddParameter): Name = "Manufacturer Lifecycle Status"; Value = "ACTIVE"; VariantName = "[No Variations]"
Change component parameters (AddParameter): Name = "Max Junction Temperature (Tj)"; Value = "150°C"; VariantName = "[No Variations]"
Change component parameters (AddParameter): Name = "Max Operating Temperature"; Value = "85°C"; VariantName = "[No Variations]"
Change component parameters (AddParameter): Name = "Max Supply Voltage"; Value = "5.5V"; VariantName = "[No Variations]"
Change component parameters (AddParameter): Name = "Min Operating Temperature"; Value = "-40°C"; VariantName = "[No Variations]"
Change component parameters (AddParameter): Name = "Min Supply Voltage"; Value = "1.65V"; VariantName = "[No Variations]"
Change component parameters (AddParameter): Name = "Mounting Technology"; Value = ""; VariantName = "[No Variations]"
Change component parameters (AddParameter): Name = "Number of Bits"; Value = "2"; VariantName = "[No Variations]"
Change component parameters (AddParameter): Name = "Number of Channels"; Value = "2"; VariantName = "[No Variations]"
Change component parameters (AddParameter): Name = "Number of Circuits"; Value = "1"; VariantName = "[No Variations]"
Change component parameters (AddParameter): Name = "Number of Elements"; Value = "1"; VariantName = "[No Variations]"
Change component parameters (AddParameter): Name = "Number of Inputs"; Value = "1"; VariantName = "[No Variations]"
Change component parameters (AddParameter): Name = "Number of Outputs"; Value = "1"; VariantName = "[No Variations]"
Change component parameters (AddParameter): Name = "Output Current"; Value = "50mA"; VariantName = "[No Variations]"
Change component parameters (AddParameter): Name = "Packaging"; Value = "Cut Tape"; VariantName = "[No Variations]"
Change component parameters (AddParameter): Name = "Pins"; Value = "8"; VariantName = "[No Variations]"
Change component parameters (AddParameter): Name = "Polarity"; Value = "Non-Inverting"; VariantName = "[No Variations]"
Change component parameters (AddParameter): Name = "Propagation Delay"; Value = "45.2ns"; VariantName = "[No Variations]"
Change component parameters (AddParameter): Name = "Quiescent Current"; Value = "3µA"; VariantName = "[No Variations]"
Change component parameters (AddParameter): Name = "Radiation Hardening"; Value = "No"; VariantName = "[No Variations]"
Change component parameters (AddParameter): Name = "REACH SVHC"; Value = "No"; VariantName = "[No Variations]"
Change component parameters (AddParameter): Name = "RoHS"; Value = "Compliant"; VariantName = "[No Variations]"
Change component parameters (AddParameter): Name = "RoHS Compliant"; Value = ""; VariantName = "[No Variations]"
Change component parameters (AddParameter): Name = "Schedule B"; Value = "8542390000, 8542390000"; VariantName = "[No Variations]"
Change component parameters (AddParameter): Name = "Thickness"; Value = "1.29mm"; VariantName = "[No Variations]"
Change component parameters (AddParameter): Name = "Turn-On Delay Time"; Value = "17.7ns"; VariantName = "[No Variations]"
Change component parameters (AddParameter): Name = "Weight"; Value = "23.388357mg"; VariantName = "[No Variations]"
Change component parameters (AddParameter): Name = "Width"; Value = "2.8mm"; VariantName = "[No Variations]"
Change component parameters: Designator = "U5" ("U5"); Footprint = "S-PDSO-G8"; UniqueID = "\VIDUHARC" ("\VIDUHARC")
Change component parameters (AddParameter): Name = "Ambient Temperature Range High"; Value = "85°C"; VariantName = "[No Variations]"
Change component parameters (AddParameter): Name = "Case/Package"; Value = "SSOP"; VariantName = "[No Variations]"
Change component parameters (AddParameter): Name = "Contact Plating"; Value = "Gold"; VariantName = "[No Variations]"
Change component parameters (AddParameter): Name = "Data Rate"; Value = "420Mbps"; VariantName = "[No Variations]"
Change component parameters (AddParameter): Name = "Direction"; Value = "Bidirectional"; VariantName = "[No Variations]"
Change component parameters (AddParameter): Name = "Height"; Value = "1.3mm"; VariantName = "[No Variations]"
Change component parameters (AddParameter): Name = "High Level Output Current"; Value = "-32mA"; VariantName = "[No Variations]"
Change component parameters (AddParameter): Name = "Lead Free"; Value = "Lead Free"; VariantName = "[No Variations]"
Change component parameters (AddParameter): Name = "Length"; Value = "2.95mm"; VariantName = "[No Variations]"
Change component parameters (AddParameter): Name = "Lifecycle Status"; Value = "Production"; VariantName = "[No Variations]"
Change component parameters (AddParameter): Name = "Logic Function"; Value = "Transceiver, Translator"; VariantName = "[No Variations]"
Change component parameters (AddParameter): Name = "Low Level Output Current"; Value = "32mA"; VariantName = "[No Variations]"
Change component parameters (AddParameter): Name = "Manufacturer Lifecycle Status"; Value = "ACTIVE"; VariantName = "[No Variations]"
Change component parameters (AddParameter): Name = "Max Junction Temperature (Tj)"; Value = "150°C"; VariantName = "[No Variations]"
Change component parameters (AddParameter): Name = "Max Operating Temperature"; Value = "85°C"; VariantName = "[No Variations]"
Change component parameters (AddParameter): Name = "Max Supply Voltage"; Value = "5.5V"; VariantName = "[No Variations]"
Change component parameters (AddParameter): Name = "Min Operating Temperature"; Value = "-40°C"; VariantName = "[No Variations]"
Change component parameters (AddParameter): Name = "Min Supply Voltage"; Value = "1.65V"; VariantName = "[No Variations]"
Change component parameters (AddParameter): Name = "Mounting Technology"; Value = ""; VariantName = "[No Variations]"
Change component parameters (AddParameter): Name = "Number of Bits"; Value = "2"; VariantName = "[No Variations]"
Change component parameters (AddParameter): Name = "Number of Channels"; Value = "2"; VariantName = "[No Variations]"
Change component parameters (AddParameter): Name = "Number of Circuits"; Value = "1"; VariantName = "[No Variations]"
Change component parameters (AddParameter): Name = "Number of Elements"; Value = "1"; VariantName = "[No Variations]"
Change component parameters (AddParameter): Name = "Number of Inputs"; Value = "1"; VariantName = "[No Variations]"
Change component parameters (AddParameter): Name = "Number of Outputs"; Value = "1"; VariantName = "[No Variations]"
Change component parameters (AddParameter): Name = "Output Current"; Value = "50mA"; VariantName = "[No Variations]"
Change component parameters (AddParameter): Name = "Packaging"; Value = "Cut Tape"; VariantName = "[No Variations]"
Change component parameters (AddParameter): Name = "Pins"; Value = "8"; VariantName = "[No Variations]"
Change component parameters (AddParameter): Name = "Polarity"; Value = "Non-Inverting"; VariantName = "[No Variations]"
Change component parameters (AddParameter): Name = "Propagation Delay"; Value = "45.2ns"; VariantName = "[No Variations]"
Change component parameters (AddParameter): Name = "Quiescent Current"; Value = "3µA"; VariantName = "[No Variations]"
Change component parameters (AddParameter): Name = "Radiation Hardening"; Value = "No"; VariantName = "[No Variations]"
Change component parameters (AddParameter): Name = "REACH SVHC"; Value = "No"; VariantName = "[No Variations]"
Change component parameters (AddParameter): Name = "RoHS"; Value = "Compliant"; VariantName = "[No Variations]"
Change component parameters (AddParameter): Name = "RoHS Compliant"; Value = ""; VariantName = "[No Variations]"
Change component parameters (AddParameter): Name = "Schedule B"; Value = "8542390000, 8542390000"; VariantName = "[No Variations]"
Change component parameters (AddParameter): Name = "Thickness"; Value = "1.29mm"; VariantName = "[No Variations]"
Change component parameters (AddParameter): Name = "Turn-On Delay Time"; Value = "17.7ns"; VariantName = "[No Variations]"
Change component parameters (AddParameter): Name = "Weight"; Value = "23.388357mg"; VariantName = "[No Variations]"
Change component parameters (AddParameter): Name = "Width"; Value = "2.8mm"; VariantName = "[No Variations]"
