Removed Pin From Net: NetName=11V1+ Pin=C20-1
Removed Pin From Net: NetName=GND Pin=C20-2
Removed Pin From Net: NetName=11V1+ Pin=C21-1
Removed Pin From Net: NetName=GND Pin=C21-2
Removed Pin From Net: NetName=GND Pin=C22-2
Removed Pin From Net: NetName=GND Pin=C23-1
Removed Pin From Net: NetName=GND Pin=C24-2
Removed Pin From Net: NetName=GND Pin=C25-2
Removed Pin From Net: NetName=GND Pin=C26-2
Removed Pin From Net: NetName=GND Pin=C27-1
Removed Pin From Net: NetName=11V1_F2 Pin=C27-2
Removed Pin From Net: NetName=GND Pin=C28-1
Removed Pin From Net: NetName=11V1_F2 Pin=C28-2
Removed Pin From Net: NetName=11V1_F2 Pin=C29-1
Removed Pin From Net: NetName=GND Pin=C29-2
Removed Pin From Net: NetName=GND Pin=C30-1
Removed Pin From Net: NetName=11V1_F3 Pin=C30-2
Removed Pin From Net: NetName=GND Pin=C31-1
Removed Pin From Net: NetName=11V1_F3 Pin=C31-2
Removed Pin From Net: NetName=11V1_F3 Pin=C32-1
Removed Pin From Net: NetName=GND Pin=C32-2
Removed Pin From Net: NetName=GND Pin=C33-1
Removed Pin From Net: NetName=11V1_F4 Pin=C33-2
Removed Pin From Net: NetName=GND Pin=C34-1
Removed Pin From Net: NetName=11V1_F4 Pin=C34-2
Removed Pin From Net: NetName=11V1_F4 Pin=C35-1
Removed Pin From Net: NetName=GND Pin=C35-2
Removed Pin From Net: NetName=GND Pin=C36-1
Removed Pin From Net: NetName=11V1_F5 Pin=C36-2
Removed Pin From Net: NetName=GND Pin=C37-1
Removed Pin From Net: NetName=11V1_F5 Pin=C37-2
Removed Pin From Net: NetName=11V1_F5 Pin=C38-1
Removed Pin From Net: NetName=GND Pin=C38-2
Removed Pin From Net: NetName=11V1+ Pin=C39-1
Removed Pin From Net: NetName=GND Pin=C39-2
Removed Pin From Net: NetName=GND Pin=C40-2
Removed Pin From Net: NetName=NetCboot2_1 Pin=Cboot-1
Removed Pin From Net: NetName=GND Pin=Ccomp-2
Removed Pin From Net: NetName=19V Pin=F1-2
Removed Pin From Net: NetName=19V Pin=F1-2
Removed Pin From Net: NetName=11V1+ Pin=L1-1
Removed Pin From Net: NetName=NetCboot2_1 Pin=L1_2-2
Removed Pin From Net: NetName=11V1+ Pin=R13_2-1
Removed Pin From Net: NetName=GND Pin=R15-2
Removed Pin From Net: NetName=GND Pin=R16-2
Removed Pin From Net: NetName=NetCvcc_1 Pin=R19-2
Removed Pin From Net: NetName=11V1+ Pin=U15-3
Removed Pin From Net: NetName=11V1+ Pin=U15-4
Removed Pin From Net: NetName=GND Pin=U15-6
Removed Pin From Net: NetName=GND Pin=U15-7
Removed Pin From Net: NetName=GND Pin=U15-11
Removed Pin From Net: NetName=GND Pin=U15-12
Removed Pin From Net: NetName=GND Pin=U15-13
Removed Pin From Net: NetName=GND Pin=U15-14
Removed Pin From Net: NetName=GND Pin=U15-15
Removed Pin From Net: NetName=NetRt_2 Pin=U16-1
Removed Pin From Net: NetName=NetCss_2 Pin=U16-2
Removed Pin From Net: NetName=NetCcomp2_1 Pin=U16-3
Removed Pin From Net: NetName=NetRfbb_1 Pin=U16-4
Removed Pin From Net: NetName=11V1+ Pin=U16-7
Removed Pin From Net: NetName=NetQ1_3 Pin=U16-8
Removed Pin From Net: NetName=GND Pin=U16-9
Removed Pin From Net: NetName=NetCboot2_1 Pin=U16-12
Removed Pin From Net: NetName=NetQ2_3 Pin=U16-13
Removed Pin From Net: NetName=NetRpg_2 Pin=U16-14
Removed Pin From Net: NetName=NetRuvlo1_1 Pin=U16-15
Removed Pin From Net: NetName=GND Pin=U16-16
Removed Pin From Net: NetName=GND Pin=U16-17
Removed Member From Class: ClassName=Sheet1 Member=C12_2
Removed Member From Class: ClassName=Sheet1 Member=Cboot
Removed Member From Class: ClassName=Sheet1 Member=Ccomp
Removed Member From Class: ClassName=Sheet1 Member=L1_2
Removed Member From Class: ClassName=Sheet1 Member=R13_2
Removed Member From Class: ClassName=Sheet1 Member=R14_2
Removed Member From Class: ClassName=Sheet1 Member=R19
Removed Member From Class: ClassName=Sheet1 Member=U16
Change Component Footprint: Designator=R14 Old Footprint=*RESC2012X60N New Footprint=RESC1005X40X25NL05T05
Change Component Footprint: Designator=C20 Old Footprint=FP-CGA9P-MFG New Footprint=CAPC1608X90N
Change Component Footprint: Designator=R15 Old Footprint=FP-RNCP0805-IPC_C New Footprint=RESC1005X40X25NL05T05
Change Component Footprint: Designator=L1 Old Footprint=WE-PD_1260P New Footprint=IND_XAL6060-472MEB
Change Component Comment : Designator=R15 Old Comment=10kO New Comment=CRCW040210R0FKED
Change Component Comment : Designator=C20 Old Comment=22uF New Comment=GRM1885C1H101JA01D
Change Component Comment : Designator=L1 Old Comment=22uH New Comment=XAL6060-472MEB
Change Component Comment : Designator=R14 Old Comment=145kO New Comment=CRCW040210R0FKED
Change Managed Component Library Link : Designator=R15 Old VaultGUID=B7D15EC3-160A-466F-A46C-7801FE6295A7 New VaultGUID=B7D15EC3-160A-466F-A46C-7801FE6295A7 Old ItemGUID=038998FF-0E68-4081-AEDC-FB05DDC2206A New ItemGUID=34E76606-009E-4EFD-85DD-2D59FB944460 Old RevisionGUID=A59B9A9A-D958-4A7D-9FC1-5BFC2FA6C5C1 New RevisionGUID=99636218-6A60-437C-B2B8-F2FF6F3920E5
Change Managed Component Library Link : Designator=C20 Old VaultGUID=B7D15EC3-160A-466F-A46C-7801FE6295A7 New VaultGUID=70284925-3BE7-4A25-A5D1-70C7BC6AC508 Old ItemGUID=B7E63B82-7884-472A-A0CE-7E7B7FD1644B New ItemGUID=5A2BB0D3-7237-4CA6-8591-F9661ABDF68E Old RevisionGUID=5E56DAAD-4C6D-455D-B56F-72C4AD70E780 New RevisionGUID=D4C76FCB-A735-4D12-9612-FB405F53F3B9
Change Managed Component Library Link : Designator=L1 Old VaultGUID=B7D15EC3-160A-466F-A46C-7801FE6295A7 New VaultGUID=70284925-3BE7-4A25-A5D1-70C7BC6AC508 Old ItemGUID=A1B9D007-F6D3-4F38-B106-52C94468AEFB New ItemGUID=C9E3A929-5D97-4A37-83AC-E4CA845CA909 Old RevisionGUID=E994B40D-7868-4B3F-95A6-DCC44BB4D944 New RevisionGUID=BD8B7111-EC9F-4352-AE52-8D4E5E5085F7
Change Managed Component Library Link : Designator=R14 Old VaultGUID= New VaultGUID=B7D15EC3-160A-466F-A46C-7801FE6295A7 Old ItemGUID= New ItemGUID=34E76606-009E-4EFD-85DD-2D59FB944460 Old RevisionGUID= New RevisionGUID=99636218-6A60-437C-B2B8-F2FF6F3920E5
Change component parameters: Designator = "C20" ("C20"); Footprint = "FP-CGA9P-MFG"; UniqueID = "\JVVMILGE" ("\JVVMILGE")
Change component parameters (AddParameter): Name = "Case/Package"; Value = "1608 Murata"; VariantName = "[No Variations]"
Change component parameters (AddParameter): Name = "Check_prices"; Value = "https://www.snapeda.com/parts/GRM1885C1H101JA01D/Murata+Electronics+North+America/view-part/?ref=eda"; VariantName = "[No Variations]"
Change component parameters (AddParameter): Name = "Component Type"; Value = "Standard"; VariantName = "[No Variations]"
Change component parameters (AddParameter): Name = "Design Item ID"; Value = "GRM1885C1H101JA01D"; VariantName = "[No Variations]"
Change component parameters (AddParameter): Name = "MF"; Value = "Murata Electronics"; VariantName = "[No Variations]"
Change component parameters (AddParameter): Name = "MP"; Value = "GRM1885C1H101JA01D"; VariantName = "[No Variations]"
Change component parameters (AddParameter): Name = "Pins"; Value = "2"; VariantName = "[No Variations]"
Change component parameters (AddParameter): Name = "SnapEDA_Link"; Value = "https://www.snapeda.com/parts/GRM1885C1H101JA01D/Murata+Electronics+North+America/view-part/?ref=snap"; VariantName = "[No Variations]"
Change component parameters (AddParameter): Name = "Source"; Value = "GRM1885C1H101JA01D.SchLib"; VariantName = "[No Variations]"
Change component parameters (AddParameter): Name = "Value"; Value = "100pF"; VariantName = "[No Variations]"
Change component parameters: Designator = "L1" ("L1"); Footprint = "WE-PD_1260P"; UniqueID = "\PFKQPUEW" ("\PFKQPUEW")
Change component parameters (AddParameter): Name = "Case/Package"; Value = "None"; VariantName = "[No Variations]"
Change component parameters (AddParameter): Name = "Check_prices"; Value = "https://www.snapeda.com/parts/XAL6060-472MEB/Coilcraft/view-part/?ref=eda"; VariantName = "[No Variations]"
Change component parameters (AddParameter): Name = "Component Type"; Value = "Standard"; VariantName = "[No Variations]"
Change component parameters (AddParameter): Name = "Design Item ID"; Value = "XAL6060-472MEB"; VariantName = "[No Variations]"
Change component parameters (AddParameter): Name = "MF"; Value = "Coilcraft"; VariantName = "[No Variations]"
Change component parameters (AddParameter): Name = "MP"; Value = "XAL6060-472MEB"; VariantName = "[No Variations]"
Change component parameters (AddParameter): Name = "Pins"; Value = "2"; VariantName = "[No Variations]"
Change component parameters (AddParameter): Name = "SnapEDA_Link"; Value = "https://www.snapeda.com/parts/XAL6060-472MEB/Coilcraft/view-part/?ref=snap"; VariantName = "[No Variations]"
Change component parameters (AddParameter): Name = "Source"; Value = "XAL6060-472MEB.SchLib"; VariantName = "[No Variations]"
Change component parameters (AddParameter): Name = "Value"; Value = "4.7µH"; VariantName = "[No Variations]"
Change component parameters: Designator = "R14" ("R14"); Footprint = "*RESC2012X60N"; UniqueID = "\TLSEGWLY" ("\TLSEGWLY")
Change component parameters (AddParameter): Name = "Manufacturer"; Value = "Vishay Dale"; VariantName = "[No Variations]"
Change component parameters (AddParameter): Name = "Part Number"; Value = "CRCW040210R0FKED"; VariantName = "[No Variations]"
Change component parameters: Designator = "R15" ("R15"); Footprint = "FP-RNCP0805-IPC_C"; UniqueID = "\HSUZXQBS" ("\HSUZXQBS")
Change component parameters (AddParameter): Name = "Manufacturer"; Value = "Vishay Dale"; VariantName = "[No Variations]"
Change component parameters (AddParameter): Name = "Part Number"; Value = "CRCW040210R0FKED"; VariantName = "[No Variations]"
Added Component: Designator=Cboot1(FP-CC0805-0_85-MFG)
Add component (AddParameter): Name = "Automotive"; Value = "No"; VariantName = "[No Variations]"
Add component (AddParameter): Name = "Capacitance"; Value = "100 nF"; VariantName = "[No Variations]"
Add component (AddParameter): Name = "Category"; Value = "Cap"; VariantName = "[No Variations]"
Add component (AddParameter): Name = "ComponentLink2Description"; Value = "Datasheet"; VariantName = "[No Variations]"
Add component (AddParameter): Name = "ComponentLink2URL"; Value = "http://www.yageo.com/documents/recent/UPY-GPHC_Y5V_6.3V-to-50V_8.pdf"; VariantName = "[No Variations]"
Add component (AddParameter): Name = "Device Class L1"; Value = "Passive Components"; VariantName = "[No Variations]"
Add component (AddParameter): Name = "Device Class L2"; Value = "Capacitors"; VariantName = "[No Variations]"
Add component (AddParameter): Name = "Device Class L3"; Value = "Ceramic Capacitors"; VariantName = "[No Variations]"
Add component (AddParameter): Name = "Digikey Description"; Value = "CAP CER 0.1UF 50V X7R 0805"; VariantName = "[No Variations]"
Add component (AddParameter): Name = "Footprint Url"; Value = "http://www.yageo.com/exep/pages/download/literatures/UPY-C_GEN_24.pdf"; VariantName = "[No Variations]"
Add component (AddParameter): Name = "Height"; Value = "0.95mm"; VariantName = "[No Variations]"
Add component (AddParameter): Name = "Ipc Land Pattern Name"; Value = "CAPC200125X85"; VariantName = "[No Variations]"
Add component (AddParameter): Name = "Lead Free"; Value = "Yes"; VariantName = "[No Variations]"
Add component (AddParameter): Name = "Manufacturer"; Value = "Yageo"; VariantName = "[No Variations]"
Add component (AddParameter): Name = "Manufacturer Part Number"; Value = "CC0805KRX7R9BB104"; VariantName = "[No Variations]"
Add component (AddParameter): Name = "Material"; Value = "Ceramic"; VariantName = "[No Variations]"
Add component (AddParameter): Name = "Mouser Description"; Value = "Multilayer Ceramic Capacitors MLCC - SMD/SMT 100nF 50V X7R 10%"; VariantName = "[No Variations]"
Add component (AddParameter): Name = "Octopart"; Value = "https://octopart.com/cc0805krx7r9bb104-yageo-192993"; VariantName = "[No Variations]"
Add component (AddParameter): Name = "Package"; Value = "CC0805-0.85"; VariantName = "[No Variations]"
Add component (AddParameter): Name = "RoHS"; Value = "TRUE"; VariantName = "[No Variations]"
Add component (AddParameter): Name = "Temperature"; Value = "-30°C to +85°C"; VariantName = "[No Variations]"
Add component (AddParameter): Name = "Temperature Characteristic"; Value = "X7R"; VariantName = "[No Variations]"
Add component (AddParameter): Name = "Temperature Range High"; Value = "+85°C"; VariantName = "[No Variations]"
Add component (AddParameter): Name = "Temperature Range Low"; Value = "-30°C"; VariantName = "[No Variations]"
Add component (AddParameter): Name = "Tolerance"; Value = "0.1"; VariantName = "[No Variations]"
Add component (AddParameter): Name = "Value"; Value = "100 nF"; VariantName = "[No Variations]"
Add component (AddParameter): Name = "Voltage Rating"; Value = "50 V"; VariantName = "[No Variations]"
Added Component: Designator=Ccomp1(FP-CGA4J-IPC_A)
Add component (AddParameter): Name = "Capacitance"; Value = "8.2nF"; VariantName = "[No Variations]"
Add component (AddParameter): Name = "Case Code (Imperial)"; Value = "0805"; VariantName = "[No Variations]"
Add component (AddParameter): Name = "Case Code (Metric)"; Value = "2012"; VariantName = "[No Variations]"
Add component (AddParameter): Name = "Case/Package"; Value = "0805"; VariantName = "[No Variations]"
Add component (AddParameter): Name = "Composition"; Value = "Ceramic"; VariantName = "[No Variations]"
Add component (AddParameter): Name = "Depth"; Value = "1.25mm"; VariantName = "[No Variations]"
Add component (AddParameter): Name = "Dielectric"; Value = "C0G"; VariantName = "[No Variations]"
Add component (AddParameter): Name = "Height"; Value = "0.6mm"; VariantName = "[No Variations]"
Add component (AddParameter): Name = "Length"; Value = "2mm"; VariantName = "[No Variations]"
Add component (AddParameter): Name = "Max Operating Temperature"; Value = "125°C"; VariantName = "[No Variations]"
Add component (AddParameter): Name = "Min Operating Temperature"; Value = "-55°C"; VariantName = "[No Variations]"
Add component (AddParameter): Name = "Mount"; Value = "Surface Mount"; VariantName = "[No Variations]"
Add component (AddParameter): Name = "Package Quantity"; Value = "1"; VariantName = "[No Variations]"
Add component (AddParameter): Name = "Packaging"; Value = "Tape and Reel"; VariantName = "[No Variations]"
Add component (AddParameter): Name = "Ratings"; Value = "AEC-Q200"; VariantName = "[No Variations]"
Add component (AddParameter): Name = "REACH SVHC"; Value = "No SVHC"; VariantName = "[No Variations]"
Add component (AddParameter): Name = "Termination"; Value = "SMD/SMT"; VariantName = "[No Variations]"
Add component (AddParameter): Name = "Thickness"; Value = "0.028inch"; VariantName = "[No Variations]"
Add component (AddParameter): Name = "Tolerance"; Value = "5%"; VariantName = "[No Variations]"
Add component (AddParameter): Name = "Voltage Rating"; Value = "50V"; VariantName = "[No Variations]"
Add component (AddParameter): Name = "Voltage Rating (DC)"; Value = "50V"; VariantName = "[No Variations]"
Add component (AddParameter): Name = "Weight"; Value = "0.000194oz"; VariantName = "[No Variations]"
Add component (AddParameter): Name = "Width"; Value = "0.049inch"; VariantName = "[No Variations]"
Added Component: Designator=R?(RESC1005X40X25ML05T05)
Add component (AddParameter): Name = "Manufacturer"; Value = "Vishay Dale"; VariantName = "[No Variations]"
Add component (AddParameter): Name = "Part Number"; Value = "CRCW04022R00FKED"; VariantName = "[No Variations]"
Added Component: Designator=U?(FP-RTE0016E-IPC_B)
Add component (AddParameter): Name = "Clock Sync"; Value = "No"; VariantName = "[No Variations]"
Add component (AddParameter): Name = "Contact Plating"; Value = "Gold"; VariantName = "[No Variations]"
Add component (AddParameter): Name = "Duty Cycle"; Value = "95%"; VariantName = "[No Variations]"
Add component (AddParameter): Name = "Lead Free"; Value = "Lead Free"; VariantName = "[No Variations]"
Add component (AddParameter): Name = "Max Duty Cycle"; Value = "50%"; VariantName = "[No Variations]"
Add component (AddParameter): Name = "Max Frequency"; Value = "1MHz"; VariantName = "[No Variations]"
Add component (AddParameter): Name = "Max Operating Temperature"; Value = "150°C"; VariantName = "[No Variations]"
Add component (AddParameter): Name = "Min Operating Temperature"; Value = "-40°C"; VariantName = "[No Variations]"
Add component (AddParameter): Name = "Mount"; Value = "Surface Mount"; VariantName = "[No Variations]"
Add component (AddParameter): Name = "Number of Output Phases"; Value = "1"; VariantName = "[No Variations]"
Add component (AddParameter): Name = "Number of Outputs"; Value = "1"; VariantName = "[No Variations]"
Add component (AddParameter): Name = "Number of Pins"; Value = "16"; VariantName = "[No Variations]"
Add component (AddParameter): Name = "Operating Supply Voltage"; Value = "7.5V"; VariantName = "[No Variations]"
Add component (AddParameter): Name = "Output Configuration"; Value = "Positive"; VariantName = "[No Variations]"
Add component (AddParameter): Name = "Output Current"; Value = "2A"; VariantName = "[No Variations]"
Add component (AddParameter): Name = "Output Voltage"; Value = "58V"; VariantName = "[No Variations]"
Add component (AddParameter): Name = "Package Quantity"; Value = "3000"; VariantName = "[No Variations]"
Add component (AddParameter): Name = "Packaging"; Value = "Tape and Reel"; VariantName = "[No Variations]"
Add component (AddParameter): Name = "Quiescent Current"; Value = "600uA"; VariantName = "[No Variations]"
Add component (AddParameter): Name = "Radiation Hardening"; Value = "No"; VariantName = "[No Variations]"
Add component (AddParameter): Name = "RoHS Compliant"; Value = "Yes"; VariantName = "[No Variations]"
Add component (AddParameter): Name = "Switching Frequency"; Value = "1MHz"; VariantName = "[No Variations]"
Add component (AddParameter): Name = "Synchronous Rectifier"; Value = "Yes"; VariantName = "[No Variations]"
Add component (AddParameter): Name = "Topology"; Value = "Boost"; VariantName = "[No Variations]"
Added Pin To Net: NetName=NetCboot2_1 Pin=Cboot1-1
Added Pin To Net: NetName=GND Pin=Ccomp1-2
Added Pin To Net: NetName=NetCboot2_1 Pin=L1-2
Added Pin To Net: NetName=11V1+ Pin=R14-1
Added Pin To Net: NetName=NetCvcc_1 Pin=R?-2
Added Pin To Net: NetName=NetRt_2 Pin=U?-1
Added Pin To Net: NetName=NetCss_2 Pin=U?-2
Added Pin To Net: NetName=NetCcomp2_1 Pin=U?-3
Added Pin To Net: NetName=NetRfbb_1 Pin=U?-4
Added Pin To Net: NetName=11V1+ Pin=U?-7
Added Pin To Net: NetName=NetQ1_3 Pin=U?-8
Added Pin To Net: NetName=GND Pin=U?-9
Added Pin To Net: NetName=NetCboot2_1 Pin=U?-12
Added Pin To Net: NetName=NetQ2_3 Pin=U?-13
Added Pin To Net: NetName=NetRpg_2 Pin=U?-14
Added Pin To Net: NetName=NetRuvlo1_1 Pin=U?-15
Added Pin To Net: NetName=GND Pin=U?-16
Added Pin To Net: NetName=GND Pin=U?-17
Change Net Name : Old Net Name=NetCboot2_1 New Net Name=NetCboot1_1
Added Pin To Net: NetName=NetC20_1 Pin=C20-1
Added Pin To Net: NetName=NetC20_1 Pin=R14-2
Added Pin To Net: NetName=NetC20_1 Pin=U?-6
Added Net: Name=NetC20_1
Added Pin To Net: NetName=NetC20_2 Pin=C20-2
Added Pin To Net: NetName=NetC20_2 Pin=R15-1
Added Pin To Net: NetName=NetC20_2 Pin=U?-5
Added Net: Name=NetC20_2
Added Pin To Net: NetName=NetCboot1_2 Pin=Cboot1-2
Added Pin To Net: NetName=NetCboot1_2 Pin=Cboot2-2
Added Pin To Net: NetName=NetCboot1_2 Pin=Dboot-C
Added Pin To Net: NetName=NetCboot1_2 Pin=U?-11
Added Net: Name=NetCboot1_2
Added Pin To Net: NetName=NetCcomp1_1 Pin=Ccomp1-1
Added Pin To Net: NetName=NetCcomp1_1 Pin=Rcomp-1
Added Net: Name=NetCcomp1_1
Added Pin To Net: NetName=NetL1_1 Pin=L1-1
Added Pin To Net: NetName=NetL1_1 Pin=Rsns1-2
Added Net: Name=NetL1_1
Added Pin To Net: NetName=NetR15_2 Pin=R15-2
Added Pin To Net: NetName=NetR15_2 Pin=Rsns2-2
Added Net: Name=NetR15_2
Added Pin To Net: NetName=NetR?_1 Pin=R?-1
Added Pin To Net: NetName=NetR?_1 Pin=U?-10
Added Net: Name=NetR?_1
Change Class Name : Old Net Name=Sheet1 New Net Name=Jetson_power
Added Member To Class: ClassName=Jetson_power Member=Component C20 GRM1885C1H101JA01D
Added Member To Class: ClassName=Jetson_power Member=Component Cboot1 u1
Added Member To Class: ClassName=Jetson_power Member=Component Ccomp1 CGA4C2C0G1H822J060AA
Added Member To Class: ClassName=Jetson_power Member=Component D2 SMBJ13A-13-F
Added Member To Class: ClassName=Jetson_power Member=Component D3 SMBJ13A-13-F
Added Member To Class: ClassName=Jetson_power Member=Component D4 SMBJ13A-13-F
Added Member To Class: ClassName=Jetson_power Member=Component D5 SMBJ13A-13-F
Added Member To Class: ClassName=Jetson_power Member=Component F2 3568
Added Member To Class: ClassName=Jetson_power Member=Component F3 3568
Added Member To Class: ClassName=Jetson_power Member=Component F4 3568
Added Member To Class: ClassName=Jetson_power Member=Component F5 3568
Added Member To Class: ClassName=Jetson_power Member=Component J5 XT90PW-M
Added Member To Class: ClassName=Jetson_power Member=Component J6 1017505
Added Member To Class: ClassName=Jetson_power Member=Component J7 1017505
Added Member To Class: ClassName=Jetson_power Member=Component J8 KLDX-0202-B
Added Member To Class: ClassName=Jetson_power Member=Component L1 XAL6060-472MEB
Added Member To Class: ClassName=Jetson_power Member=Component Q2 CSD17571Q2
Added Member To Class: ClassName=Jetson_power Member=Component R14 CRCW040210R0FKED
Added Member To Class: ClassName=Jetson_power Member=Component R15 CRCW040210R0FKED
Added Member To Class: ClassName=Jetson_power Member=Component R? CRCW04022R00FKED
Added Member To Class: ClassName=Jetson_power Member=Component U? TPS43060RTER
